<?xml version="1.0" encoding="UTF-8"?>
<testsuite name="oliv.misc.DeleteDirectoryTest" tests="1" skipped="0" failures="0" errors="0" timestamp="2021-07-05T16:18:22" hostname="MacBook-Pro-2" time="0.012">
  <properties/>
  <testcase name="testDropDirectory" classname="oliv.misc.DeleteDirectoryTest" time="0.012"/>
  <system-out><![CDATA[Creating directory structure
Will delete /tmp/services/1625501902088
Checking /tmp/services/1625501902088
Cleaning up
]]></system-out>
  <system-err><![CDATA[Caught expected exception: Unsuitable level 0, we have only 5 separator(s).
Caught expected exception: Unsuitable level 10, we have only 5 separator(s).
]]></system-err>
</testsuite>
